<?xml version="1.0" encoding="UTF-8"?>
<!-- Generated by org.testng.reporters.JUnitXMLReporter -->
<testsuite ignored="0" hostname="JKL029" failures="0" tests="1" name="Guru99BankProject" time="62.904" errors="0" timestamp="2024-05-31T18:53:57 IST">
  <testcase classname="com.guru99bankProject.testCases.BaseClass" name="@BeforeTest Setup" time="62.544">
    <failure type="org.openqa.selenium.SessionNotCreatedException" message="Could not start a new session. Response code 500. Message: unknown error: cannot connect to chrome at localhost:9222
from chrome not reachable 
Host info: host: &amp;apos;JKL029&amp;apos;, ip: &amp;apos;192.168.70.6&amp;apos;
Build info: version: &amp;apos;4.11.0&amp;apos;, revision: &amp;apos;040bc5406b&amp;apos;
System info: os.name: &amp;apos;Windows 10&amp;apos;, os.arch: &amp;apos;amd64&amp;apos;, os.version: &amp;apos;10.0&amp;apos;, java.version: &amp;apos;18.0.2.1&amp;apos;
Driver info: org.openqa.selenium.chrome.ChromeDriver
Command: [null, newSession {capabilities=[Capabilities {browserName: chrome, goog:chromeOptions: {args: [--remote-allow-origins=*], binary: C:\Program Files\Google\Chr..., debuggerAddress: localhost:9222, extensions: []}}]}]">
      <![CDATA[org.openqa.selenium.SessionNotCreatedException: Could not start a new session. Response code 500. Message: unknown error: cannot connect to chrome at localhost:9222
from chrome not reachable 
Host info: host: 'JKL029', ip: '192.168.70.6'
Build info: version: '4.11.0', revision: '040bc5406b'
System info: os.name: 'Windows 10', os.arch: 'amd64', os.version: '10.0', java.version: '18.0.2.1'
Driver info: org.openqa.selenium.chrome.ChromeDriver
Command: [null, newSession {capabilities=[Capabilities {browserName: chrome, goog:chromeOptions: {args: [--remote-allow-origins=*], binary: C:\Program Files\Google\Chr..., debuggerAddress: localhost:9222, extensions: []}}]}]
at org.openqa.selenium.remote.ProtocolHandshake.createSession(ProtocolHandshake.java:140)
at org.openqa.selenium.remote.ProtocolHandshake.createSession(ProtocolHandshake.java:96)
at org.openqa.selenium.remote.ProtocolHandshake.createSession(ProtocolHandshake.java:68)
at org.openqa.selenium.remote.HttpCommandExecutor.execute(HttpCommandExecutor.java:163)
at org.openqa.selenium.remote.service.DriverCommandExecutor.invokeExecute(DriverCommandExecutor.java:196)
at org.openqa.selenium.remote.service.DriverCommandExecutor.execute(DriverCommandExecutor.java:171)
at org.openqa.selenium.remote.RemoteWebDriver.execute(RemoteWebDriver.java:518)
at org.openqa.selenium.remote.RemoteWebDriver.startSession(RemoteWebDriver.java:232)
at org.openqa.selenium.remote.RemoteWebDriver.<init>(RemoteWebDriver.java:159)
at org.openqa.selenium.chromium.ChromiumDriver.<init>(ChromiumDriver.java:108)
at org.openqa.selenium.chrome.ChromeDriver.<init>(ChromeDriver.java:88)
at org.openqa.selenium.chrome.ChromeDriver.<init>(ChromeDriver.java:83)
at org.openqa.selenium.chrome.ChromeDriver.<init>(ChromeDriver.java:72)
at com.guru99bankProject.testCases.BaseClass.Setup(BaseClass.java:87)
... Removed 22 stack frames]]>
    </failure>
  </testcase> <!-- @BeforeTest Setup -->
  <testcase classname="com.guru99bankProject.testCases.BaseClass" name="@BeforeClass Login" time="-1.717161837261E9">
    <skipped/>
  </testcase> <!-- @BeforeClass Login -->
  <testcase classname="com.guru99bankProject.testCases.BaseClass" name="@AfterClass Logout" time="-1.717161837297E9">
    <skipped/>
  </testcase> <!-- @AfterClass Logout -->
  <testcase classname="com.guru99bankProject.testCases.BaseClass" name="@AfterTest Teardown" time="-1.717161837302E9">
    <skipped/>
  </testcase> <!-- @AfterTest Teardown -->
  <testcase classname="com.guru99bankProject.testCases.TC_Home" name="test_HomePageElement" time="0.0">
    <skipped/>
  </testcase> <!-- test_HomePageElement -->
</testsuite> <!-- Guru99BankProject -->
