<?xml version="1.0" encoding="UTF-8"?>
<testng-results ignored="0" total="1" passed="1" failed="0" skipped="0">
  <reporter-output>
  </reporter-output>
  <suite started-at="2024-05-31T18:31:59 IST" name="Suite" finished-at="2024-05-31T18:32:07 IST" duration-ms="7781">
    <groups>
    </groups>
    <test started-at="2024-05-31T18:31:59 IST" name="Guru99BankProject" finished-at="2024-05-31T18:32:07 IST" duration-ms="7781">
      <class name="com.guru99bankProject.testCases.TC_Home">
        <test-method is-config="true" signature="Setup(java.lang.String)[pri:0, instance:com.guru99bankProject.testCases.TC_Home@2f860823]" started-at="2024-05-31T18:32:00 IST" name="Setup" finished-at="2024-05-31T18:32:04 IST" duration-ms="4342" status="PASS">
          <params>
            <param index="0">
              <value>
                <![CDATA[chrome]]>
              </value>
            </param>
          </params>
          <reporter-output>
          </reporter-output>
        </test-method> <!-- Setup -->
        <test-method is-config="true" signature="Login(java.lang.String)[pri:0, instance:com.guru99bankProject.testCases.TC_Home@2f860823]" started-at="2024-05-31T18:32:04 IST" name="Login" finished-at="2024-05-31T18:32:07 IST" duration-ms="2891" status="PASS">
          <params>
            <param index="0">
              <value>
                <![CDATA[user]]>
              </value>
            </param>
          </params>
          <reporter-output>
          </reporter-output>
        </test-method> <!-- Login -->
        <test-method signature="test_HomePageElement()[pri:1, instance:com.guru99bankProject.testCases.TC_Home@2f860823]" started-at="2024-05-31T18:32:07 IST" name="test_HomePageElement" finished-at="2024-05-31T18:32:07 IST" duration-ms="34" status="PASS">
          <reporter-output>
          </reporter-output>
        </test-method> <!-- test_HomePageElement -->
        <test-method is-config="true" signature="Logout(java.lang.String)[pri:0, instance:com.guru99bankProject.testCases.TC_Home@2f860823]" started-at="2024-05-31T18:32:07 IST" name="Logout" finished-at="2024-05-31T18:32:07 IST" duration-ms="15" status="FAIL">
          <params>
            <param index="0">
              <value>
                <![CDATA[user]]>
              </value>
            </param>
          </params>
          <exception class="java.lang.AssertionError">
            <message>
              <![CDATA[The following asserts failed:
After logout it lookin for [Performance360] text expected [true] but found [false]]]>
            </message>
            <full-stacktrace>
              <![CDATA[java.lang.AssertionError: The following asserts failed:
After logout it lookin for [Performance360] text expected [true] but found [false]
at org.testng.asserts.SoftAssert.assertAll(SoftAssert.java:47)
at org.testng.asserts.SoftAssert.assertAll(SoftAssert.java:31)
at com.guru99bankProject.pageObject.PO_HomePage.UserLogout(PO_HomePage.java:243)
at com.guru99bankProject.testCases.BaseClass.Logout(BaseClass.java:138)
at java.base/jdk.internal.reflect.DirectMethodHandleAccessor.invoke(DirectMethodHandleAccessor.java:104)
at java.base/java.lang.reflect.Method.invoke(Method.java:577)
at org.testng.internal.MethodInvocationHelper.invokeMethod(MethodInvocationHelper.java:133)
at org.testng.internal.MethodInvocationHelper.invokeMethodConsideringTimeout(MethodInvocationHelper.java:62)
at org.testng.internal.ConfigInvoker.invokeConfigurationMethod(ConfigInvoker.java:385)
at org.testng.internal.ConfigInvoker.invokeConfigurations(ConfigInvoker.java:321)
at org.testng.internal.TestMethodWorker.invokeAfterClassMethods(TestMethodWorker.java:217)
at org.testng.internal.TestMethodWorker.run(TestMethodWorker.java:130)
at java.base/java.util.ArrayList.forEach(ArrayList.java:1511)
at org.testng.TestRunner.privateRun(TestRunner.java:794)
at org.testng.TestRunner.run(TestRunner.java:596)
at org.testng.SuiteRunner.runTest(SuiteRunner.java:377)
at org.testng.SuiteRunner.runSequentially(SuiteRunner.java:371)
at org.testng.SuiteRunner.privateRun(SuiteRunner.java:332)
at org.testng.SuiteRunner.run(SuiteRunner.java:276)
at org.testng.SuiteRunnerWorker.runSuite(SuiteRunnerWorker.java:53)
at org.testng.SuiteRunnerWorker.run(SuiteRunnerWorker.java:96)
at org.testng.TestNG.runSuitesSequentially(TestNG.java:1212)
at org.testng.TestNG.runSuitesLocally(TestNG.java:1134)
at org.testng.TestNG.runSuites(TestNG.java:1063)
at org.testng.TestNG.run(TestNG.java:1031)
at org.testng.remote.AbstractRemoteTestNG.run(AbstractRemoteTestNG.java:115)
at org.testng.remote.RemoteTestNG.initAndRun(RemoteTestNG.java:251)
at org.testng.remote.RemoteTestNG.main(RemoteTestNG.java:77)
]]>
            </full-stacktrace>
          </exception> <!-- java.lang.AssertionError -->
          <reporter-output>
          </reporter-output>
        </test-method> <!-- Logout -->
        <test-method is-config="true" signature="Teardown()[pri:0, instance:com.guru99bankProject.testCases.TC_Home@2f860823]" started-at="2024-05-31T18:32:07 IST" name="Teardown" finished-at="2024-05-31T18:32:07 IST" duration-ms="124" status="PASS">
          <reporter-output>
          </reporter-output>
        </test-method> <!-- Teardown -->
      </class> <!-- com.guru99bankProject.testCases.TC_Home -->
    </test> <!-- Guru99BankProject -->
  </suite> <!-- Suite -->
</testng-results>
